<?xml version="1.0" encoding="UTF-8"?>
<testng-results ignored="0" total="2" passed="2" failed="0" skipped="0">
  <reporter-output>
  </reporter-output>
  <suite started-at="2023-05-29T08:39:43 IST" name="Default suite" finished-at="2023-05-29T08:39:58 IST" duration-ms="14518">
    <groups>
    </groups>
    <test started-at="2023-05-29T08:39:43 IST" name="Default test" finished-at="2023-05-29T08:39:58 IST" duration-ms="14518">
      <class name="may28.AdvanceReports">
        <test-method is-config="true" signature="generateReport()[pri:0, instance:may28.AdvanceReports@8519cb4]" started-at="2023-05-29T08:39:43 IST" name="generateReport" finished-at="2023-05-29T08:39:44 IST" duration-ms="395" status="PASS">
          <reporter-output>
          </reporter-output>
        </test-method> <!-- generateReport -->
        <test-method is-config="true" signature="setUp()[pri:0, instance:may28.AdvanceReports@8519cb4]" started-at="2023-05-29T08:39:44 IST" name="setUp" finished-at="2023-05-29T08:39:51 IST" duration-ms="7512" status="PASS">
          <reporter-output>
          </reporter-output>
        </test-method> <!-- setUp -->
        <test-method signature="failTest()[pri:0, instance:may28.AdvanceReports@8519cb4]" started-at="2023-05-29T08:39:51 IST" name="failTest" finished-at="2023-05-29T08:39:51 IST" duration-ms="23" status="PASS">
          <reporter-output>
          </reporter-output>
        </test-method> <!-- failTest -->
        <test-method is-config="true" signature="setUp()[pri:0, instance:may28.AdvanceReports@8519cb4]" started-at="2023-05-29T08:39:51 IST" name="setUp" finished-at="2023-05-29T08:39:57 IST" duration-ms="5793" status="PASS">
          <reporter-output>
          </reporter-output>
        </test-method> <!-- setUp -->
        <test-method signature="passTest()[pri:0, instance:may28.AdvanceReports@8519cb4]" started-at="2023-05-29T08:39:57 IST" name="passTest" finished-at="2023-05-29T08:39:57 IST" duration-ms="11" status="PASS">
          <reporter-output>
          </reporter-output>
        </test-method> <!-- passTest -->
        <test-method is-config="true" signature="tearDown()[pri:0, instance:may28.AdvanceReports@8519cb4]" started-at="2023-05-29T08:39:57 IST" name="tearDown" finished-at="2023-05-29T08:39:58 IST" duration-ms="733" status="PASS">
          <reporter-output>
          </reporter-output>
        </test-method> <!-- tearDown -->
      </class> <!-- may28.AdvanceReports -->
    </test> <!-- Default test -->
  </suite> <!-- Default suite -->
</testng-results>
